<?xml version="1.0" encoding="UTF-8"?>
<testng-results skipped="0" failed="0" ignored="0" total="1" passed="1">
  <reporter-output>
  </reporter-output>
  <suite name="Sample suite" duration-ms="25396" started-at="2022-04-30T19:26:15 IST" finished-at="2022-04-30T19:26:40 IST">
    <groups>
    </groups>
    <test name="Sample test" duration-ms="25396" started-at="2022-04-30T19:26:15 IST" finished-at="2022-04-30T19:26:40 IST">
      <class name="testscripts.NavigateGoogleTest">
        <test-method status="PASS" signature="setUp()[pri:0, instance:testscripts.NavigateGoogleTest@587d1d39]" name="setUp" is-config="true" duration-ms="16081" started-at="2022-04-30T19:26:15 IST" finished-at="2022-04-30T19:26:31 IST">
          <reporter-output>
          </reporter-output>
        </test-method> <!-- setUp -->
        <test-method status="PASS" signature="navigateGoogleTest()[pri:0, instance:testscripts.NavigateGoogleTest@587d1d39]" name="navigateGoogleTest" duration-ms="8517" started-at="2022-04-30T19:26:31 IST" finished-at="2022-04-30T19:26:40 IST">
          <reporter-output>
          </reporter-output>
        </test-method> <!-- navigateGoogleTest -->
        <test-method status="PASS" signature="tearDown(org.testng.ITestResult)[pri:0, instance:testscripts.NavigateGoogleTest@587d1d39]" name="tearDown" is-config="true" duration-ms="721" started-at="2022-04-30T19:26:40 IST" finished-at="2022-04-30T19:26:40 IST">
          <params>
            <param index="0">
              <value>
                <![CDATA[[TestResult name=navigateGoogleTest status=SUCCESS method=NavigateGoogleTest.navigateGoogleTest()[pri:0, instance:testscripts.NavigateGoogleTest@587d1d39] output={null}]]]>
              </value>
            </param>
          </params>
          <reporter-output>
          </reporter-output>
        </test-method> <!-- tearDown -->
      </class> <!-- testscripts.NavigateGoogleTest -->
    </test> <!-- Sample test -->
  </suite> <!-- Sample suite -->
</testng-results>
