<?xml version="1.0" encoding="UTF-8"?>
<testng-results ignored="0" total="1" passed="1" failed="0" skipped="0">
  <reporter-output>
  </reporter-output>
  <suite started-at="2022-04-27T22:05:21 IST" name="Default suite" finished-at="2022-04-27T22:05:36 IST" duration-ms="15327">
    <groups>
    </groups>
    <test started-at="2022-04-27T22:05:21 IST" name="Default test" finished-at="2022-04-27T22:05:36 IST" duration-ms="15327">
      <class name="testscripts.NavigateGoogleTest">
        <test-method is-config="true" signature="setUp()[pri:0, instance:testscripts.NavigateGoogleTest@7133da86]" started-at="2022-04-27T22:05:21 IST" name="setUp" finished-at="2022-04-27T22:05:25 IST" duration-ms="3902" status="PASS">
          <reporter-output>
          </reporter-output>
        </test-method> <!-- setUp -->
        <test-method signature="navigateGoogleTest()[pri:0, instance:testscripts.NavigateGoogleTest@7133da86]" started-at="2022-04-27T22:05:25 IST" name="navigateGoogleTest" finished-at="2022-04-27T22:05:36 IST" duration-ms="11099" status="PASS">
          <reporter-output>
          </reporter-output>
        </test-method> <!-- navigateGoogleTest -->
        <test-method is-config="true" signature="tearDown()[pri:0, instance:testscripts.NavigateGoogleTest@7133da86]" started-at="2022-04-27T22:05:36 IST" name="tearDown" finished-at="2022-04-27T22:05:36 IST" duration-ms="259" status="PASS">
          <reporter-output>
          </reporter-output>
        </test-method> <!-- tearDown -->
      </class> <!-- testscripts.NavigateGoogleTest -->
    </test> <!-- Default test -->
  </suite> <!-- Default suite -->
</testng-results>
