<?xml version="1.0" encoding="UTF-8"?>
<testng-results ignored="0" total="1" passed="1" failed="0" skipped="0">
  <reporter-output>
  </reporter-output>
  <suite started-at="2022-04-28T08:06:18 IST" name="Default suite" finished-at="2022-04-28T08:06:37 IST" duration-ms="19523">
    <groups>
    </groups>
    <test started-at="2022-04-28T08:06:18 IST" name="Default test" finished-at="2022-04-28T08:06:37 IST" duration-ms="19523">
      <class name="testscripts.NavigateGoogleTest">
        <test-method is-config="true" signature="setUp()[pri:0, instance:testscripts.NavigateGoogleTest@5d7148e2]" started-at="2022-04-28T08:06:18 IST" name="setUp" finished-at="2022-04-28T08:06:34 IST" duration-ms="15679" status="PASS">
          <reporter-output>
          </reporter-output>
        </test-method> <!-- setUp -->
        <test-method signature="navigateGoogleTest()[pri:0, instance:testscripts.NavigateGoogleTest@5d7148e2]" started-at="2022-04-28T08:06:34 IST" name="navigateGoogleTest" finished-at="2022-04-28T08:06:37 IST" duration-ms="3389" status="PASS">
          <reporter-output>
          </reporter-output>
        </test-method> <!-- navigateGoogleTest -->
        <test-method is-config="true" signature="tearDown()[pri:0, instance:testscripts.NavigateGoogleTest@5d7148e2]" started-at="2022-04-28T08:06:37 IST" name="tearDown" finished-at="2022-04-28T08:06:37 IST" duration-ms="344" status="PASS">
          <reporter-output>
          </reporter-output>
        </test-method> <!-- tearDown -->
      </class> <!-- testscripts.NavigateGoogleTest -->
    </test> <!-- Default test -->
  </suite> <!-- Default suite -->
</testng-results>
